
ROM used: 4088 (12%)
          4088 (12%) including unused fragments

          1 Average locations per line
          6 Average locations per statement

RAM used: 197 (10%) at main() level
          229 (11%) worst case

Stack used: 13 worst case (out of 31 total available)

Lines Stmts  %   Files
----- ----- ---  -----
  188    93  15  LectoEscr.c
  451     0   0  ..\..\..\..\..\..\..\Program Files (x86)\PICC\devices\18F4550.h
  222     0   0  ..\..\..\..\..\..\..\Program Files (x86)\PICC\drivers\pic18_usb.h
  328     0   0  ..\..\..\..\..\..\..\Program Files (x86)\PICC\drivers\usb_hw_layer.h
  151     0   0  Descriptores.h
 1063     0   0  ..\..\..\..\..\..\..\Program Files (x86)\PICC\drivers\usb.h
  808   218  35  ..\..\..\..\..\..\..\Program Files (x86)\PICC\drivers\usb.c
 1281   320  51  ..\..\..\..\..\..\..\Program Files (x86)\PICC\drivers\pic18_usb.c
----- -----
 4492   631 Total

Page ROM  %  RAM   Vol Diff  Functions:
---- --- --- ---   --- ----  ----------
0     32   0   0             @const160
0     66   1   0             @const164
0     48   1   0             @const168
0     18   0   0             @const170
0     34   0   0             @const172
0     20   0   0             @const174
0     52   1   0             @const176
0     56   1   3   133  4.3  usb_kbhit
0     64   1   3   133  4.3  usb_tbe
0     36   0   1   134  2.5  usb_detach
0     34   0   0   136  2.2  usb_attach
0      6   0   0    16  1.0  usb_init_cs
0     34   0   1   346  4.6  usb_task
0     14   0   0    61  2.5  usb_init
0    212   3   7  1083  5.4  usb_flush_in
0    168   2  10   320  5.5  usb_put_packet
0    194   2   7   899  4.9  usb_flush_out
0    198   2  12   632  5.7  usb_get_packet_buffer
0     64   1   5   145  3.5  usb_get_packet
0     70   1   4   251  4.6  usb_stall_ep
0     68   1   4   258  4.6  usb_unstall_ep
0     86   1   5   360  5.8  usb_endpoint_stalled
0     22   0   1    88  2.7  usb_set_address
0    430   5  10  1722  9.8  usb_set_configured
0     76   1   3   192  3.2  usb_disable_endpoint
0     22   0   1    93  2.9  usb_disable_endpoints
0      4   0   0    39  2.0  usb_clear_trn
0    126   2   2   638  6.6  usb_isr
0      6   0   0    43  2.0  usb_isr_sof
0     42   1   0   357  4.2  usb_isr_rst
0     32   0   0   508  4.0  usb_init_ep0_setup
0      8   0   0    74  2.8  usb_isr_uerr
0     10   0   0    82  2.8  usb_isr_uidle
0     16   0   0   102  3.3  usb_isr_activity
0     14   0   0   151  3.9  usb_isr_stall
0      6   0   1    30  1.7  usb_request_send_response
0      6   0   0    22  1.2  usb_request_stall
0    336   4   5  2031  7.9  usb_isr_tok_dne
0      8   0   0    29  1.9  usb_enumerated
0     12   0   0    52  2.1  usb_wait_for_enumeration
0     36   0   3   231  4.0  usb_token_reset
0     88   1   3   267  5.9  usb_endpoint_is_valid
0     22   0   1   152  3.0  usb_isr_tok_in_dne
0      6   0   1    48  1.9  usb_isr_tok_out_dne
0     44   1   0   285  5.4  usb_isr_tok_setup_dne
0    166   2   0  1454  8.3  usb_isr_tkn_setup_StandardDevice
0    152   2   3   930  7.7  usb_isr_tkn_setup_StandardInterface
0     96   1   0   753  5.8  usb_isr_tkn_setup_StandardEndpoint
0    118   1   1   790  7.7  usb_Get_Descriptor
0     14   0   0    76  1.8  usb_finish_set_address
0    132   2   4   632  5.8  usb_copy_desc_seg_to_ep
0    318   4   3  2756  5.0  MAIN

Program metrics:
    Functions               45
    Statements              631
    Comments                2160
    Volume (V)              35242
    Difficilty (D)          196.3
    Effort to implement (E) 6918671
    Time to implement (T)   106 hours, 46 minutes
    Est Delivered Bugs (B)  12
    Cyclomatic Complexity   121
    Maintainability (MI)    45

 Segment     Used  Free
-----------  ----  ----
00000-00002     4  0  
00004-00006     4  0  
00008-00094   142  0  
00096-07FFE  3938  28680  



