Release 14.7 - xst P.20131013 (nt)
Copyright (c) 1995-2013 Xilinx, Inc.  All rights reserved.
--> Parameter TMPDIR set to xst/projnav.tmp


Total REAL time to Xst completion: 0.00 secs
Total CPU time to Xst completion: 0.21 secs
 
--> Parameter xsthdpdir set to xst


Total REAL time to Xst completion: 0.00 secs
Total CPU time to Xst completion: 0.21 secs
 
--> Reading design: vga_sprite_top.prj

TABLE OF CONTENTS
  1) Synthesis Options Summary
  2) HDL Compilation
  3) Design Hierarchy Analysis
  4) HDL Analysis
  5) HDL Synthesis
     5.1) HDL Synthesis Report
  6) Advanced HDL Synthesis
     6.1) Advanced HDL Synthesis Report
  7) Low Level Synthesis
  8) Partition Report
  9) Final Report
	9.1) Device utilization summary
	9.2) Partition Resource Summary
	9.3) TIMING REPORT


=========================================================================
*                      Synthesis Options Summary                        *
=========================================================================
---- Source Parameters
Input File Name                    : "vga_sprite_top.prj"
Input Format                       : mixed
Ignore Synthesis Constraint File   : NO

---- Target Parameters
Output File Name                   : "vga_sprite_top"
Output Format                      : NGC
Target Device                      : xc3s500e-4-fg320

---- Source Options
Top Module Name                    : vga_sprite_top
Automatic FSM Extraction           : YES
FSM Encoding Algorithm             : Auto
Safe Implementation                : No
FSM Style                          : LUT
RAM Extraction                     : Yes
RAM Style                          : Auto
ROM Extraction                     : Yes
Mux Style                          : Auto
Decoder Extraction                 : YES
Priority Encoder Extraction        : Yes
Shift Register Extraction          : YES
Logical Shifter Extraction         : YES
XOR Collapsing                     : YES
ROM Style                          : Auto
Mux Extraction                     : Yes
Resource Sharing                   : YES
Asynchronous To Synchronous        : NO
Multiplier Style                   : Auto
Automatic Register Balancing       : No

---- Target Options
Add IO Buffers                     : YES
Global Maximum Fanout              : 100000
Add Generic Clock Buffer(BUFG)     : 24
Register Duplication               : YES
Slice Packing                      : YES
Optimize Instantiated Primitives   : NO
Use Clock Enable                   : Yes
Use Synchronous Set                : Yes
Use Synchronous Reset              : Yes
Pack IO Registers into IOBs        : Auto
Equivalent register Removal        : YES

---- General Options
Optimization Goal                  : Speed
Optimization Effort                : 1
Keep Hierarchy                     : No
Netlist Hierarchy                  : As_Optimized
RTL Output                         : Yes
Global Optimization                : AllClockNets
Read Cores                         : YES
Write Timing Constraints           : NO
Cross Clock Analysis               : NO
Hierarchy Separator                : /
Bus Delimiter                      : <>
Case Specifier                     : Maintain
Slice Utilization Ratio            : 100
BRAM Utilization Ratio             : 100
Verilog 2001                       : YES
Auto BRAM Packing                  : NO
Slice Utilization Ratio Delta      : 5

---- Other Options
Cores Search Directories           : {"ipcore_dir"  }

=========================================================================


=========================================================================
*                          HDL Compilation                              *
=========================================================================
Compiling vhdl file "//VBOXSVR/vhdl/practica_video_imagen/Imag/vga240x160/vgacomp.vhd" in Library work.
Package <vgacomp> compiled.
Compiling vhdl file "//VBOXSVR/vhdl/practica_video_imagen/Imag/vga240x160/clkdiv.vhd" in Library work.
Entity <clkdiv> compiled.
Entity <clkdiv> (Architecture <Behavioral>) compiled.
Compiling vhdl file "//VBOXSVR/vhdl/practica_video_imagen/Imag/vga240x160/vga_640x480.vhd" in Library work.
Entity <vga_640x480> compiled.
Entity <vga_640x480> (Architecture <Behavioral>) compiled.
Compiling vhdl file "//VBOXSVR/vhdl/practica_video_imagen/Imag/vga240x160/vga_sprite.vhd" in Library work.
Entity <vga_sprite> compiled.
Entity <vga_sprite> (Architecture <Behavioral>) compiled.
Compiling vhdl file "//VBOXSVR/vhdl/practica_video_imagen/Imag/Imagen/ipcore_dir/rom240x160.vhd" in Library work.
Entity <rom240x160> compiled.
Entity <rom240x160> (Architecture <rom240x160_a>) compiled.
Compiling vhdl file "//VBOXSVR/vhdl/practica_video_imagen/Imag/vga240x160/vga_sprite_top.vhd" in Library work.
Entity <vga_sprite_top> compiled.
Entity <vga_sprite_top> (Architecture <Behavioral>) compiled.

=========================================================================
*                     Design Hierarchy Analysis                         *
=========================================================================
Analyzing hierarchy for entity <vga_sprite_top> in library <work> (architecture <Behavioral>).

Analyzing hierarchy for entity <clkdiv> in library <work> (architecture <Behavioral>).

Analyzing hierarchy for entity <vga_640x480> in library <work> (architecture <Behavioral>).

Analyzing hierarchy for entity <vga_sprite> in library <work> (architecture <Behavioral>).


=========================================================================
*                            HDL Analysis                               *
=========================================================================
Analyzing Entity <vga_sprite_top> in library <work> (Architecture <Behavioral>).
WARNING:Xst:2211 - "//VBOXSVR/vhdl/practica_video_imagen/Imag/vga240x160/vga_sprite_top.vhd" line 59: Instantiating black box module <rom240x160>.
Entity <vga_sprite_top> analyzed. Unit <vga_sprite_top> generated.

Analyzing Entity <clkdiv> in library <work> (Architecture <Behavioral>).
Entity <clkdiv> analyzed. Unit <clkdiv> generated.

Analyzing Entity <vga_640x480> in library <work> (Architecture <Behavioral>).
Entity <vga_640x480> analyzed. Unit <vga_640x480> generated.

Analyzing Entity <vga_sprite> in library <work> (Architecture <Behavioral>).
WARNING:Xst:1610 - "//VBOXSVR/vhdl/practica_video_imagen/Imag/vga240x160/vga_sprite.vhd" line 73: Width mismatch. <rom_addr2> has a width of 17 bits but assigned expression is 18-bit wide.
Entity <vga_sprite> analyzed. Unit <vga_sprite> generated.


=========================================================================
*                           HDL Synthesis                               *
=========================================================================

Performing bidirectional port resolution...

Synthesizing Unit <clkdiv>.
    Related source file is "//VBOXSVR/vhdl/practica_video_imagen/Imag/vga240x160/clkdiv.vhd".
    Found T flip-flop for signal <q<0>>.
    Summary:
	inferred   1 T-type flip-flop(s).
Unit <clkdiv> synthesized.


Synthesizing Unit <vga_640x480>.
    Related source file is "//VBOXSVR/vhdl/practica_video_imagen/Imag/vga240x160/vga_640x480.vhd".
    Found 10-bit up counter for signal <hcs>.
    Found 11-bit comparator less for signal <hsync$cmp_lt0000> created at line 48.
    Found 10-bit up counter for signal <vcs>.
    Found 10-bit comparator greatequal for signal <vidon$cmp_ge0000> created at line 66.
    Found 10-bit comparator greatequal for signal <vidon$cmp_ge0001> created at line 66.
    Found 10-bit comparator less for signal <vidon$cmp_lt0000> created at line 66.
    Found 10-bit comparator less for signal <vidon$cmp_lt0001> created at line 66.
    Found 1-bit register for signal <vsenable>.
    Found 11-bit comparator less for signal <vsync$cmp_lt0000> created at line 64.
    Summary:
	inferred   2 Counter(s).
	inferred   1 D-type flip-flop(s).
	inferred   6 Comparator(s).
Unit <vga_640x480> synthesized.


Synthesizing Unit <vga_sprite>.
    Related source file is "//VBOXSVR/vhdl/practica_video_imagen/Imag/vga240x160/vga_sprite.vhd".
WARNING:Xst:1780 - Signal <R> is never used or assigned. This unconnected signal will be trimmed during the optimization process.
WARNING:Xst:1780 - Signal <G> is never used or assigned. This unconnected signal will be trimmed during the optimization process.
WARNING:Xst:1780 - Signal <B> is never used or assigned. This unconnected signal will be trimmed during the optimization process.
    Found 18-bit adder for signal <rom_addr2$add0000> created at line 73.
    Found 17-bit adder for signal <rom_addr2$addsub0000> created at line 68.
    Found 17-bit adder for signal <rom_addr2$addsub0001> created at line 68.
    Found 17-bit adder for signal <rom_addr2$addsub0002> created at line 68.
    Found 10-bit adder for signal <spriteon$addsub0000> created at line 61.
    Found 10-bit adder for signal <spriteon$addsub0001> created at line 61.
    Found 10-bit adder for signal <spriteon$addsub0002> created at line 61.
    Found 10-bit adder for signal <spriteon$addsub0003> created at line 61.
    Found 10-bit comparator greatequal for signal <spriteon$cmp_ge0000> created at line 61.
    Found 10-bit comparator greatequal for signal <spriteon$cmp_ge0001> created at line 61.
    Found 10-bit comparator less for signal <spriteon$cmp_lt0000> created at line 61.
    Found 10-bit comparator less for signal <spriteon$cmp_lt0001> created at line 61.
    Found 10-bit subtractor for signal <xpix>.
    Found 10-bit subtractor for signal <xpix$addsub0000> created at line 58.
    Found 10-bit subtractor for signal <ypix>.
    Found 10-bit subtractor for signal <ypix$addsub0000> created at line 57.
    Summary:
	inferred  12 Adder/Subtractor(s).
	inferred   4 Comparator(s).
Unit <vga_sprite> synthesized.


Synthesizing Unit <vga_sprite_top>.
    Related source file is "//VBOXSVR/vhdl/practica_video_imagen/Imag/vga240x160/vga_sprite_top.vhd".
WARNING:Xst:647 - Input <btn<2:0>> is never used. This port will be preserved and left unconnected if it belongs to a top-level block or it belongs to a sub-block and the hierarchy of this sub-block is preserved.
Unit <vga_sprite_top> synthesized.


=========================================================================
HDL Synthesis Report

Macro Statistics
# Adders/Subtractors                                   : 12
 10-bit adder                                          : 4
 10-bit subtractor                                     : 4
 17-bit adder                                          : 3
 18-bit adder                                          : 1
# Counters                                             : 2
 10-bit up counter                                     : 2
# Registers                                            : 1
 1-bit register                                        : 1
# Toggle Registers                                     : 1
 T flip-flop                                           : 1
# Comparators                                          : 10
 10-bit comparator greatequal                          : 4
 10-bit comparator less                                : 4
 11-bit comparator less                                : 2

=========================================================================

=========================================================================
*                       Advanced HDL Synthesis                          *
=========================================================================

Reading core <ipcore_dir/rom240x160.ngc>.
Loading core <rom240x160> for timing and area information for instance <u4>.

=========================================================================
Advanced HDL Synthesis Report

Macro Statistics
# Adders/Subtractors                                   : 12
 10-bit adder                                          : 4
 10-bit subtractor                                     : 4
 16-bit adder                                          : 3
 17-bit adder                                          : 1
# Counters                                             : 2
 10-bit up counter                                     : 2
# Registers                                            : 2
 Flip-Flops                                            : 2
# Comparators                                          : 10
 10-bit comparator greatequal                          : 4
 10-bit comparator less                                : 4
 11-bit comparator less                                : 2

=========================================================================

=========================================================================
*                         Low Level Synthesis                           *
=========================================================================

Optimizing unit <vga_sprite_top> ...

Optimizing unit <vga_640x480> ...

Optimizing unit <vga_sprite> ...

Mapping all equations...
Building and optimizing final netlist ...
Found area constraint ratio of 100 (+ 5) on block vga_sprite_top, actual ratio is 2.

Final Macro Processing ...

=========================================================================
Final Register Report

Macro Statistics
# Registers                                            : 22
 Flip-Flops                                            : 22

=========================================================================

=========================================================================
*                           Partition Report                            *
=========================================================================

Partition Implementation Status
-------------------------------

  No Partitions were found in this design.

-------------------------------

=========================================================================
*                            Final Report                               *
=========================================================================
Final Results
RTL Top Level Output File Name     : vga_sprite_top.ngr
Top Level Output File Name         : vga_sprite_top
Output Format                      : NGC
Optimization Goal                  : Speed
Keep Hierarchy                     : No

Design Statistics
# IOs                              : 23

Cell Usage :
# BELS                             : 404
#      GND                         : 2
#      INV                         : 17
#      LUT1                        : 35
#      LUT2                        : 67
#      LUT3                        : 39
#      LUT4                        : 39
#      MUXCY                       : 98
#      MUXF5                       : 13
#      VCC                         : 2
#      XORCY                       : 92
# FlipFlops/Latches                : 27
#      FDC                         : 11
#      FDCE                        : 10
#      FDE                         : 6
# RAMS                             : 19
#      RAMB16_S1_S1                : 16
#      RAMB16_S4_S4                : 2
#      RAMB16_S9_S9                : 1
# Clock Buffers                    : 2
#      BUFG                        : 1
#      BUFGP                       : 1
# IO Buffers                       : 19
#      IBUF                        : 9
#      OBUF                        : 10
=========================================================================

Device utilization summary:
---------------------------

Selected Device : 3s500efg320-4 

 Number of Slices:                      107  out of   4656     2%  
 Number of Slice Flip Flops:             27  out of   9312     0%  
 Number of 4 input LUTs:                197  out of   9312     2%  
 Number of IOs:                          23
 Number of bonded IOBs:                  20  out of    232     8%  
 Number of BRAMs:                        19  out of     20    95%  
 Number of GCLKs:                         2  out of     24     8%  

---------------------------
Partition Resource Summary:
---------------------------

  No Partitions were found in this design.

---------------------------


=========================================================================
TIMING REPORT

NOTE: THESE TIMING NUMBERS ARE ONLY A SYNTHESIS ESTIMATE.
      FOR ACCURATE TIMING INFORMATION PLEASE REFER TO THE TRACE REPORT
      GENERATED AFTER PLACE-and-ROUTE.

Clock Information:
------------------
-----------------------------------+------------------------------------------------------------------------------------------------------------------------+-------+
Clock Signal                       | Clock buffer(FF name)                                                                                                  | Load  |
-----------------------------------+------------------------------------------------------------------------------------------------------------------------+-------+
u1/q_0_01                          | BUFG                                                                                                                   | 45    |
u4/N1                              | NONE(u4/U0/xst_blk_mem_generator/gnativebmg.native_blk_mem_gen/valid.cstr/ramloop[3].ram.r/s3_init.ram/dpram.dp9x9.ram)| 19    |
mclk                               | BUFGP                                                                                                                  | 1     |
-----------------------------------+------------------------------------------------------------------------------------------------------------------------+-------+
INFO:Xst:2169 - HDL ADVISOR - Some clock signals were not automatically buffered by XST with BUFG/BUFR resources. Please use the buffer_type constraint in order to insert these buffers to the clock signals to help prevent skew problems.

Asynchronous Control Signals Information:
----------------------------------------
-----------------------------------+------------------------+-------+
Control Signal                     | Buffer(FF name)        | Load  |
-----------------------------------+------------------------+-------+
btn<3>                             | IBUF                   | 21    |
-----------------------------------+------------------------+-------+

Timing Summary:
---------------
Speed Grade: -4

   Minimum period: 19.385ns (Maximum Frequency: 51.586MHz)
   Minimum input arrival time before clock: 16.493ns
   Maximum output required time after clock: 13.134ns
   Maximum combinational path delay: 12.574ns

Timing Detail:
--------------
All values displayed in nanoseconds (ns)

=========================================================================
Timing constraint: Default period analysis for Clock 'u1/q_0_01'
  Clock period: 19.385ns (frequency: 51.586MHz)
  Total number of paths / destination ports: 1410854 / 314
-------------------------------------------------------------------------
Delay:               19.385ns (Levels of Logic = 21)
  Source:            u2/vcs_0 (FF)
  Destination:       u4/U0/xst_blk_mem_generator/gnativebmg.native_blk_mem_gen/valid.cstr/ramloop[3].ram.r/s3_init.ram/dpram.dp9x9.ram (RAM)
  Source Clock:      u1/q_0_01 rising
  Destination Clock: u1/q_0_01 rising

  Data Path: u2/vcs_0 to u4/U0/xst_blk_mem_generator/gnativebmg.native_blk_mem_gen/valid.cstr/ramloop[3].ram.r/s3_init.ram/dpram.dp9x9.ram
                                Gate     Net
    Cell:in->out      fanout   Delay   Delay  Logical Name (Net Name)
    ----------------------------------------  ------------
     FDCE:C->Q             5   0.591   0.808  u2/vcs_0 (u2/vcs_0)
     LUT1:I0->O            1   0.704   0.000  u3/Msub_ypix_addsub0000_cy<0>_rt (u3/Msub_ypix_addsub0000_cy<0>_rt)
     MUXCY:S->O            1   0.464   0.000  u3/Msub_ypix_addsub0000_cy<0> (u3/Msub_ypix_addsub0000_cy<0>)
     XORCY:CI->O           1   0.804   0.420  u3/Msub_ypix_addsub0000_xor<1> (u3/ypix_addsub0000<1>)
     INV:I->O              1   0.704   0.000  u3/Msub_ypix_lut<1>_INV_0 (u3/Msub_ypix_lut<1>)
     MUXCY:S->O            1   0.464   0.000  u3/Msub_ypix_cy<1> (u3/Msub_ypix_cy<1>)
     XORCY:CI->O           4   0.804   0.762  u3/Msub_ypix_xor<2> (u3/ypix<2>)
     LUT2:I0->O            1   0.704   0.000  u3/Madd_rom_addr2_addsub0000_lut<5> (u3/Madd_rom_addr2_addsub0000_lut<5>)
     MUXCY:S->O            1   0.464   0.000  u3/Madd_rom_addr2_addsub0000_cy<5> (u3/Madd_rom_addr2_addsub0000_cy<5>)
     XORCY:CI->O           1   0.804   0.499  u3/Madd_rom_addr2_addsub0000_xor<6> (u3/rom_addr2_addsub0000<10>)
     LUT2:I1->O            1   0.704   0.000  u3/Madd_rom_addr2_addsub0001_Madd_lut<7> (u3/Madd_rom_addr2_addsub0001_Madd_lut<7>)
     MUXCY:S->O            1   0.464   0.000  u3/Madd_rom_addr2_addsub0001_Madd_cy<7> (u3/Madd_rom_addr2_addsub0001_Madd_cy<7>)
     XORCY:CI->O           1   0.804   0.499  u3/Madd_rom_addr2_addsub0001_Madd_xor<8> (u3/rom_addr2_addsub0001<11>)
     LUT2:I1->O            1   0.704   0.000  u3/Madd_rom_addr2_addsub0002_Madd_lut<9> (u3/Madd_rom_addr2_addsub0002_Madd_lut<9>)
     MUXCY:S->O            1   0.464   0.000  u3/Madd_rom_addr2_addsub0002_Madd_cy<9> (u3/Madd_rom_addr2_addsub0002_Madd_cy<9>)
     XORCY:CI->O           1   0.804   0.595  u3/Madd_rom_addr2_addsub0002_Madd_xor<10> (u3/rom_addr2_addsub0002<12>)
     LUT1:I0->O            1   0.704   0.000  u3/Madd_rom_addr2_add0000_Madd_cy<12>_rt (u3/Madd_rom_addr2_add0000_Madd_cy<12>_rt)
     MUXCY:S->O            1   0.464   0.000  u3/Madd_rom_addr2_add0000_Madd_cy<12> (u3/Madd_rom_addr2_add0000_Madd_cy<12>)
     XORCY:CI->O          19   0.804   1.164  u3/Madd_rom_addr2_add0000_Madd_xor<13> (rom_addr<13>)
     begin scope: 'u4'
     LUT4:I1->O            1   0.704   0.000  U0/xst_blk_mem_generator/gnativebmg.native_blk_mem_gen/valid.cstr/bindec_a.bindec_inst_a/ADDR[4]_PWR_16_o_equal_19_o<4>1 (U0/xst_blk_mem_generator/gnativebmg.native_blk_mem_gen/valid.cstr/bindec_a.bindec_inst_a/ADDR[4]_PWR_16_o_equal_19_o<4>)
     MUXF5:I1->O           1   0.321   0.420  U0/xst_blk_mem_generator/gnativebmg.native_blk_mem_gen/valid.cstr/bindec_a.bindec_inst_a/ADDR[4]_PWR_16_o_equal_19_o<4>_f5 (U0/xst_blk_mem_generator/gnativebmg.native_blk_mem_gen/valid.cstr/bindec_a.bindec_inst_a/ADDR[4]_PWR_16_o_equal_19_o<4>_f5)
     RAMB16_S9_S9:ENA          0.770          U0/xst_blk_mem_generator/gnativebmg.native_blk_mem_gen/valid.cstr/ramloop[3].ram.r/s3_init.ram/dpram.dp9x9.ram
    ----------------------------------------
    Total                     19.385ns (14.218ns logic, 5.167ns route)
                                       (73.3% logic, 26.7% route)

=========================================================================
Timing constraint: Default period analysis for Clock 'mclk'
  Clock period: 2.470ns (frequency: 404.858MHz)
  Total number of paths / destination ports: 1 / 1
-------------------------------------------------------------------------
Delay:               2.470ns (Levels of Logic = 1)
  Source:            u1/q_0_0 (FF)
  Destination:       u1/q_0_0 (FF)
  Source Clock:      mclk rising
  Destination Clock: mclk rising

  Data Path: u1/q_0_0 to u1/q_0_0
                                Gate     Net
    Cell:in->out      fanout   Delay   Delay  Logical Name (Net Name)
    ----------------------------------------  ------------
     FDC:C->Q              2   0.591   0.447  u1/q_0_0 (u1/q_0_01)
     INV:I->O              1   0.704   0.420  u1/q_0_0_not00001_INV_0 (u1/q_0_0_not0000)
     FDC:D                     0.308          u1/q_0_0
    ----------------------------------------
    Total                      2.470ns (1.603ns logic, 0.867ns route)
                                       (64.9% logic, 35.1% route)

=========================================================================
Timing constraint: Default OFFSET IN BEFORE for Clock 'u1/q_0_01'
  Total number of paths / destination ports: 23986 / 189
-------------------------------------------------------------------------
Offset:              16.493ns (Levels of Logic = 17)
  Source:            sw<4> (PAD)
  Destination:       u4/U0/xst_blk_mem_generator/gnativebmg.native_blk_mem_gen/valid.cstr/ramloop[18].ram.r/s3_init.ram/dpram.dp1x1.ram (RAM)
  Destination Clock: u1/q_0_01 rising

  Data Path: sw<4> to u4/U0/xst_blk_mem_generator/gnativebmg.native_blk_mem_gen/valid.cstr/ramloop[18].ram.r/s3_init.ram/dpram.dp1x1.ram
                                Gate     Net
    Cell:in->out      fanout   Delay   Delay  Logical Name (Net Name)
    ----------------------------------------  ------------
     IBUF:I->O             4   1.218   0.762  sw_4_IBUF (sw_4_IBUF)
     LUT2:I0->O            1   0.704   0.000  u3/Msub_ypix_lut<5> (u3/Msub_ypix_lut<5>)
     MUXCY:S->O            1   0.464   0.000  u3/Msub_ypix_cy<5> (u3/Msub_ypix_cy<5>)
     XORCY:CI->O           4   0.804   0.666  u3/Msub_ypix_xor<6> (u3/ypix<6>)
     LUT2:I1->O            1   0.704   0.000  u3/Madd_rom_addr2_addsub0000_lut<8> (u3/Madd_rom_addr2_addsub0000_lut<8>)
     MUXCY:S->O            1   0.464   0.000  u3/Madd_rom_addr2_addsub0000_cy<8> (u3/Madd_rom_addr2_addsub0000_cy<8>)
     XORCY:CI->O           1   0.804   0.499  u3/Madd_rom_addr2_addsub0000_xor<9> (u3/rom_addr2_addsub0000<13>)
     LUT2:I1->O            1   0.704   0.000  u3/Madd_rom_addr2_addsub0001_Madd_lut<10> (u3/Madd_rom_addr2_addsub0001_Madd_lut<10>)
     MUXCY:S->O            1   0.464   0.000  u3/Madd_rom_addr2_addsub0001_Madd_cy<10> (u3/Madd_rom_addr2_addsub0001_Madd_cy<10>)
     XORCY:CI->O           1   0.804   0.595  u3/Madd_rom_addr2_addsub0001_Madd_xor<11> (u3/rom_addr2_addsub0001<14>)
     LUT1:I0->O            1   0.704   0.000  u3/Madd_rom_addr2_addsub0002_Madd_cy<12>_rt (u3/Madd_rom_addr2_addsub0002_Madd_cy<12>_rt)
     XORCY:LI->O           1   0.527   0.595  u3/Madd_rom_addr2_addsub0002_Madd_xor<12> (u3/rom_addr2_addsub0002<14>)
     LUT1:I0->O            1   0.704   0.000  u3/Madd_rom_addr2_add0000_Madd_cy<14>_rt (u3/Madd_rom_addr2_add0000_Madd_cy<14>_rt)
     MUXCY:S->O            0   0.464   0.000  u3/Madd_rom_addr2_add0000_Madd_cy<14> (u3/Madd_rom_addr2_add0000_Madd_cy<14>)
     XORCY:CI->O           5   0.804   0.808  u3/Madd_rom_addr2_add0000_Madd_xor<15> (rom_addr<15>)
     begin scope: 'u4'
     LUT2:I0->O            8   0.704   0.757  U0/xst_blk_mem_generator/gnativebmg.native_blk_mem_gen/valid.cstr/out11 (U0/xst_blk_mem_generator/gnativebmg.native_blk_mem_gen/valid.cstr/ramloop[1].ram.ram_ena)
     RAMB16_S1_S1:ENA          0.770          U0/xst_blk_mem_generator/gnativebmg.native_blk_mem_gen/valid.cstr/ramloop[18].ram.r/s3_init.ram/dpram.dp1x1.ram
    ----------------------------------------
    Total                     16.493ns (11.811ns logic, 4.682ns route)
                                       (71.6% logic, 28.4% route)

=========================================================================
Timing constraint: Default OFFSET OUT AFTER for Clock 'u1/q_0_01'
  Total number of paths / destination ports: 828 / 10
-------------------------------------------------------------------------
Offset:              13.134ns (Levels of Logic = 9)
  Source:            u2/vcs_3 (FF)
  Destination:       blue<1> (PAD)
  Source Clock:      u1/q_0_01 rising

  Data Path: u2/vcs_3 to blue<1>
                                Gate     Net
    Cell:in->out      fanout   Delay   Delay  Logical Name (Net Name)
    ----------------------------------------  ------------
     FDCE:C->Q             6   0.591   0.844  u2/vcs_3 (u2/vcs_3)
     LUT4:I0->O            1   0.704   0.000  u3/blue_and00001121 (u3/blue_and00001121)
     MUXF5:I1->O           1   0.321   0.595  u3/blue_and0000112_f5 (u3/blue_and0000112)
     LUT4:I0->O            1   0.704   0.000  u3/blue_and0000171_F (N12)
     MUXF5:I0->O           1   0.321   0.595  u3/blue_and0000171 (u3/blue_and0000171)
     LUT4:I0->O            1   0.704   0.424  u3/blue_and0000209_SW0 (N10)
     LUT4:I3->O            1   0.704   0.595  u3/blue_and0000209 (u3/blue_and0000209)
     LUT4:I0->O            8   0.704   0.932  u3/blue_and0000221 (u3/blue_and0000)
     LUT2:I0->O            1   0.704   0.420  u3/red<2>1 (red_2_OBUF)
     OBUF:I->O                 3.272          red_2_OBUF (red<2>)
    ----------------------------------------
    Total                     13.134ns (8.729ns logic, 4.405ns route)
                                       (66.5% logic, 33.5% route)

=========================================================================
Timing constraint: Default path analysis
  Total number of paths / destination ports: 336 / 8
-------------------------------------------------------------------------
Delay:               12.574ns (Levels of Logic = 10)
  Source:            sw<2> (PAD)
  Destination:       blue<1> (PAD)

  Data Path: sw<2> to blue<1>
                                Gate     Net
    Cell:in->out      fanout   Delay   Delay  Logical Name (Net Name)
    ----------------------------------------  ------------
     IBUF:I->O             7   1.218   0.787  sw_2_IBUF (sw_2_IBUF)
     LUT2:I1->O            1   0.704   0.000  u3/Mcompar_spriteon_cmp_ge0000_lut<5> (u3/Mcompar_spriteon_cmp_ge0000_lut<5>)
     MUXCY:S->O            1   0.464   0.000  u3/Mcompar_spriteon_cmp_ge0000_cy<5> (u3/Mcompar_spriteon_cmp_ge0000_cy<5>)
     MUXCY:CI->O           1   0.059   0.000  u3/Mcompar_spriteon_cmp_ge0000_cy<6> (u3/Mcompar_spriteon_cmp_ge0000_cy<6>)
     MUXCY:CI->O           1   0.459   0.424  u3/Mcompar_spriteon_cmp_ge0000_cy<7> (u3/spriteon_cmp_ge0000)
     LUT4:I3->O            1   0.704   0.424  u3/blue_and0000209_SW0 (N10)
     LUT4:I3->O            1   0.704   0.595  u3/blue_and0000209 (u3/blue_and0000209)
     LUT4:I0->O            8   0.704   0.932  u3/blue_and0000221 (u3/blue_and0000)
     LUT2:I0->O            1   0.704   0.420  u3/red<2>1 (red_2_OBUF)
     OBUF:I->O                 3.272          red_2_OBUF (red<2>)
    ----------------------------------------
    Total                     12.574ns (8.992ns logic, 3.582ns route)
                                       (71.5% logic, 28.5% route)

=========================================================================


Total REAL time to Xst completion: 17.00 secs
Total CPU time to Xst completion: 16.89 secs
 
--> 

Total memory usage is 156684 kilobytes

Number of errors   :    0 (   0 filtered)
Number of warnings :    6 (   0 filtered)
Number of infos    :    1 (   0 filtered)

